<?xml version="1.0" encoding="UTF-8"?>
<coverage generated="1742903552894" clover="3.2.0">
  <project timestamp="1742903552894" name="All files">
    <metrics statements="42" coveredstatements="42" conditionals="10" coveredconditionals="9" methods="3" coveredmethods="3" elements="55" coveredelements="54" complexity="0" loc="42" ncloc="42" packages="1" files="1" classes="1"/>
    <file name="CommentBox.tsx" path="C:\Users\232736\Desktop\Comment Box\Comment-Box\src\Components\CommentBox.tsx">
      <metrics statements="42" coveredstatements="42" conditionals="10" coveredconditionals="9" methods="3" coveredmethods="3"/>
      <line num="1" count="1" type="stmt"/>
      <line num="13" count="1" type="cond" truecount="1" falsecount="0"/>
      <line num="14" count="67" type="stmt"/>
      <line num="15" count="67" type="stmt"/>
      <line num="17" count="67" type="cond" truecount="2" falsecount="0"/>
      <line num="19" count="66" type="cond" truecount="1" falsecount="0"/>
      <line num="20" count="56" type="stmt"/>
      <line num="21" count="56" type="stmt"/>
      <line num="22" count="56" type="stmt"/>
      <line num="23" count="56" type="stmt"/>
      <line num="25" count="66" type="cond" truecount="1" falsecount="0"/>
      <line num="26" count="3" type="cond" truecount="1" falsecount="0"/>
      <line num="27" count="2" type="stmt"/>
      <line num="28" count="2" type="stmt"/>
      <line num="29" count="2" type="stmt"/>
      <line num="30" count="3" type="stmt"/>
      <line num="32" count="66" type="stmt"/>
      <line num="33" count="67" type="cond" truecount="0" falsecount="1"/>
      <line num="34" count="67" type="stmt"/>
      <line num="36" count="67" type="stmt"/>
      <line num="38" count="67" type="stmt"/>
      <line num="40" count="67" type="stmt"/>
      <line num="41" count="67" type="stmt"/>
      <line num="42" count="67" type="stmt"/>
      <line num="43" count="67" type="stmt"/>
      <line num="44" count="67" type="stmt"/>
      <line num="45" count="67" type="stmt"/>
      <line num="47" count="67" type="stmt"/>
      <line num="49" count="67" type="stmt"/>
      <line num="51" count="67" type="stmt"/>
      <line num="52" count="67" type="cond" truecount="1" falsecount="0"/>
      <line num="53" count="2" type="cond" truecount="1" falsecount="0"/>
      <line num="54" count="2" type="stmt"/>
      <line num="55" count="2" type="stmt"/>
      <line num="56" count="2" type="stmt"/>
      <line num="57" count="2" type="stmt"/>
      <line num="58" count="2" type="cond" truecount="1" falsecount="0"/>
      <line num="60" count="64" type="stmt"/>
      <line num="62" count="67" type="stmt"/>
      <line num="63" count="67" type="stmt"/>
      <line num="65" count="67" type="stmt"/>
      <line num="67" count="1" type="stmt"/>
    </file>
  </project>
</coverage>
