{"C:\\Users\\232736\\Desktop\\Comment Box\\Comment-Box\\src\\Components\\CommentBox.tsx": {"path":"C:\\Users\\232736\\Desktop\\Comment Box\\Comment-Box\\src\\Components\\CommentBox.tsx","all":false,"statementMap":{"0":{"start":{"line":1,"column":0},"end":{"line":1,"column":40}},"12":{"start":{"line":13,"column":0},"end":{"line":13,"column":70}},"13":{"start":{"line":14,"column":0},"end":{"line":14,"column":53}},"14":{"start":{"line":15,"column":0},"end":{"line":15,"column":58}},"16":{"start":{"line":17,"column":0},"end":{"line":17,"column":25}},"18":{"start":{"line":19,"column":0},"end":{"line":19,"column":31}},"19":{"start":{"line":20,"column":0},"end":{"line":20,"column":49}},"20":{"start":{"line":21,"column":0},"end":{"line":21,"column":8}},"21":{"start":{"line":22,"column":0},"end":{"line":22,"column":35}},"22":{"start":{"line":23,"column":0},"end":{"line":23,"column":4}},"24":{"start":{"line":25,"column":0},"end":{"line":25,"column":30}},"25":{"start":{"line":26,"column":0},"end":{"line":26,"column":25}},"26":{"start":{"line":27,"column":0},"end":{"line":27,"column":67}},"27":{"start":{"line":28,"column":0},"end":{"line":28,"column":21}},"28":{"start":{"line":29,"column":0},"end":{"line":29,"column":5}},"29":{"start":{"line":30,"column":0},"end":{"line":30,"column":4}},"31":{"start":{"line":32,"column":0},"end":{"line":32,"column":10}},"32":{"start":{"line":33,"column":0},"end":{"line":33,"column":57}},"33":{"start":{"line":34,"column":0},"end":{"line":34,"column":54}},"35":{"start":{"line":36,"column":0},"end":{"line":36,"column":15}},"37":{"start":{"line":38,"column":0},"end":{"line":38,"column":23}},"39":{"start":{"line":40,"column":0},"end":{"line":40,"column":15}},"40":{"start":{"line":41,"column":0},"end":{"line":41,"column":33}},"41":{"start":{"line":42,"column":0},"end":{"line":42,"column":46}},"42":{"start":{"line":43,"column":0},"end":{"line":43,"column":23}},"43":{"start":{"line":44,"column":0},"end":{"line":44,"column":38}},"44":{"start":{"line":45,"column":0},"end":{"line":45,"column":8}},"46":{"start":{"line":47,"column":0},"end":{"line":47,"column":60}},"48":{"start":{"line":49,"column":0},"end":{"line":49,"column":15}},"50":{"start":{"line":51,"column":0},"end":{"line":51,"column":36}},"51":{"start":{"line":52,"column":0},"end":{"line":52,"column":32}},"52":{"start":{"line":53,"column":0},"end":{"line":53,"column":40}},"53":{"start":{"line":54,"column":0},"end":{"line":54,"column":54}},"54":{"start":{"line":55,"column":0},"end":{"line":55,"column":66}},"55":{"start":{"line":56,"column":0},"end":{"line":56,"column":56}},"56":{"start":{"line":57,"column":0},"end":{"line":57,"column":18}},"57":{"start":{"line":58,"column":0},"end":{"line":58,"column":12}},"59":{"start":{"line":60,"column":0},"end":{"line":60,"column":57}},"61":{"start":{"line":62,"column":0},"end":{"line":62,"column":12}},"62":{"start":{"line":63,"column":0},"end":{"line":63,"column":10}},"64":{"start":{"line":65,"column":0},"end":{"line":65,"column":2}},"66":{"start":{"line":67,"column":0},"end":{"line":67,"column":26}}},"s":{"0":1,"12":1,"13":67,"14":67,"16":67,"18":66,"19":56,"20":56,"21":56,"22":56,"24":66,"25":3,"26":2,"27":2,"28":2,"29":3,"31":66,"32":67,"33":67,"35":67,"37":67,"39":67,"40":67,"41":67,"42":67,"43":67,"44":67,"46":67,"48":67,"50":67,"51":67,"52":2,"53":2,"54":2,"55":2,"56":2,"57":2,"59":64,"61":67,"62":67,"64":67,"66":1},"branchMap":{"0":{"type":"branch","line":13,"loc":{"start":{"line":13,"column":46},"end":{"line":65,"column":2}},"locations":[{"start":{"line":13,"column":46},"end":{"line":65,"column":2}}]},"1":{"type":"branch","line":17,"loc":{"start":{"line":17,"column":13},"end":{"line":17,"column":25}},"locations":[{"start":{"line":17,"column":13},"end":{"line":17,"column":25}}]},"2":{"type":"branch","line":17,"loc":{"start":{"line":17,"column":20},"end":{"line":33,"column":51}},"locations":[{"start":{"line":17,"column":20},"end":{"line":33,"column":51}}]},"3":{"type":"branch","line":33,"loc":{"start":{"line":33,"column":42},"end":{"line":33,"column":53}},"locations":[{"start":{"line":33,"column":42},"end":{"line":33,"column":53}}]},"4":{"type":"branch","line":52,"loc":{"start":{"line":52,"column":27},"end":{"line":58,"column":12}},"locations":[{"start":{"line":52,"column":27},"end":{"line":58,"column":12}}]},"5":{"type":"branch","line":58,"loc":{"start":{"line":58,"column":11},"end":{"line":60,"column":57}},"locations":[{"start":{"line":58,"column":11},"end":{"line":60,"column":57}}]},"6":{"type":"branch","line":19,"loc":{"start":{"line":19,"column":30},"end":{"line":23,"column":4}},"locations":[{"start":{"line":19,"column":30},"end":{"line":23,"column":4}}]},"7":{"type":"branch","line":25,"loc":{"start":{"line":25,"column":23},"end":{"line":30,"column":4}},"locations":[{"start":{"line":25,"column":23},"end":{"line":30,"column":4}}]},"8":{"type":"branch","line":26,"loc":{"start":{"line":26,"column":24},"end":{"line":29,"column":5}},"locations":[{"start":{"line":26,"column":24},"end":{"line":29,"column":5}}]},"9":{"type":"branch","line":53,"loc":{"start":{"line":53,"column":23},"end":{"line":57,"column":18}},"locations":[{"start":{"line":53,"column":23},"end":{"line":57,"column":18}}]}},"b":{"0":[67],"1":[1],"2":[66],"3":[0],"4":[2],"5":[64],"6":[56],"7":[3],"8":[2],"9":[2]},"fnMap":{"0":{"name":"CommentBox","decl":{"start":{"line":13,"column":46},"end":{"line":65,"column":2}},"loc":{"start":{"line":13,"column":46},"end":{"line":65,"column":2}},"line":13},"1":{"name":"handleCommentChange","decl":{"start":{"line":19,"column":30},"end":{"line":23,"column":4}},"loc":{"start":{"line":19,"column":30},"end":{"line":23,"column":4}},"line":19},"2":{"name":"handleSubmit","decl":{"start":{"line":25,"column":23},"end":{"line":30,"column":4}},"loc":{"start":{"line":25,"column":23},"end":{"line":30,"column":4}},"line":25}},"f":{"0":67,"1":56,"2":3}}
}
